

times in msec
 clock   self+sourced   self:  sourced script
 clock   elapsed:              other lines

000.015  000.015: --- NVIM STARTING ---
000.219  000.204: event init
000.358  000.139: early init
000.425  000.067: locale set
000.515  000.090: init first window
001.026  000.512: inits 1
001.050  000.024: window checked
001.055  000.005: parsing arguments
002.138  000.149  000.149: require('vim.shared')
002.367  000.103  000.103: require('vim._options')
002.371  000.225  000.122: require('vim._editor')
002.374  000.557  000.183: require('vim._init_packages')
002.379  000.766: init lua interpreter
002.504  000.126: expanding arguments
002.592  000.088: inits 2
003.173  000.580: init highlight
003.174  000.002: waiting for UI
004.000  000.826: done waiting for UI
004.054  000.054: clear screen
004.317  000.263: init default mappings & autocommands
004.983  000.096  000.096: sourcing /usr/share/nvim/runtime/ftplugin.vim
005.058  000.041  000.041: sourcing /usr/share/nvim/runtime/indent.vim
006.409  000.259  000.259: require('lvim.core.log')
006.414  000.448  000.188: require('lvim.utils.modules')
006.418  001.135  000.687: require('lvim.bootstrap')
008.519  000.202  000.202: require('lvim.utils')
008.531  000.944  000.742: require('lvim.plugin-loader')
010.445  001.825  001.825: require('lazy.core.cache')
010.603  000.151  000.151: require('lvim.config')
010.921  000.035  000.035: require('lvim.utils.table')
010.927  000.241  000.206: require('lvim.lsp.utils')
011.094  000.164  000.164: require('lvim.icons')
011.103  000.496  000.091: require('lvim.config.defaults')
011.577  000.165  000.165: require('lvim.keymappings')
011.590  000.008  000.008: require('vim.keymap')
012.164  000.054  000.054: require('lvim.core.builtins')
012.281  000.113  000.113: require('lvim.core.theme')
012.592  000.306  000.306: require('lvim.core.which-key')
012.725  000.095  000.095: require('lvim.core.gitsigns')
013.115  000.379  000.379: require('lvim.core.cmp')
013.283  000.165  000.165: require('cmp.types.cmp')
013.370  000.085  000.085: require('cmp.config.window')
014.139  000.244  000.244: require('cmp.utils.misc')
014.208  000.536  000.292: require('cmp.types.lsp')
014.277  000.067  000.067: require('cmp.types.vim')
014.279  000.674  000.071: require('cmp.types')
014.777  000.096  000.096: require('cmp.utils.buffer')
014.905  000.125  000.125: require('cmp.utils.api')
014.909  000.629  000.407: require('cmp.utils.keymap')
014.912  001.540  000.238: require('cmp.config.mapping')
015.564  000.175  000.175: require('lvim.core.dap')
015.718  000.146  000.146: require('lvim.core.terminal')
015.812  000.090  000.090: require('lvim.core.telescope')
015.901  000.080  000.080: require('lvim.core.treesitter')
016.088  000.183  000.183: require('lvim.core.nvimtree')
017.057  000.006  000.006: require('vim.F')
017.112  001.017  001.012: require('vim.diagnostic')
017.194  000.076  000.076: require('lvim.core.lir')
017.237  000.036  000.036: require('lvim.core.illuminate')
017.268  000.029  000.029: require('lvim.core.indentlines')
017.386  000.117  000.117: require('lvim.core.breadcrumbs')
017.416  000.025  000.025: require('lvim.core.project')
017.551  000.133  000.133: require('lvim.core.bufferline')
017.603  000.047  000.047: require('lvim.core.autopairs')
017.640  000.033  000.033: require('lvim.core.comment')
017.673  000.031  000.031: require('lvim.core.lualine')
017.730  000.056  000.056: require('lvim.core.alpha')
017.830  000.099  000.099: require('lvim.core.alpha.dashboard')
017.866  000.035  000.035: require('lvim.core.alpha.startify')
017.929  000.062  000.062: require('lvim.interface.text')
018.114  000.185  000.185: require('lvim.utils.git')
018.568  000.094  000.094: require('plenary.functional')
018.574  000.458  000.364: require('plenary.job')
021.438  000.061  000.061: require('structlog.level')
021.453  000.195  000.135: require('structlog.logger')
021.522  000.068  000.068: require('structlog.pipeline')
021.665  000.087  000.087: require('structlog.formatters.format')
021.772  000.106  000.106: require('structlog.formatters.format_colorizer')
021.845  000.052  000.052: require('structlog.formatters.key_value')
021.846  000.323  000.078: require('structlog.formatters')
021.964  000.058  000.058: require('structlog.processors.timestamper')
022.049  000.085  000.085: require('structlog.processors.stack_writer')
022.050  000.203  000.060: require('structlog.processors')
022.187  000.069  000.069: require('structlog.sinks.console')
022.249  000.062  000.062: require('structlog.sinks.file')
022.342  000.092  000.092: require('structlog.sinks.rotating_file')
022.402  000.059  000.059: require('structlog.sinks.adapter')
022.470  000.067  000.067: require('structlog.sinks.plugins.nvim_notify')
022.471  000.419  000.070: require('structlog.sinks')
022.472  001.397  000.188: require('structlog')
022.552  000.060  000.060: require('vim.inspect')
042.536  000.286  000.286: require('lvim.core.mason')
042.781  000.206  000.206: require('lvim.config.settings')
044.441  000.683  000.683: require('vim.filetype')
044.957  000.189  000.189: require('lvim.core.autocmds')
045.157  000.076  000.076: require('lvim.lsp.config')
045.349  000.119  000.119: require('lvim.config._deprecated')
045.547  000.158  000.158: require('lvim.core.autocmds')
045.811  000.045  000.045: require('user.colorscheme')
045.869  000.056  000.056: require('user.options')
045.997  000.076  000.076: require('user.kind')
046.003  000.133  000.057: require('user.which-key')
046.103  000.034  000.034: require('user.ascii.doom')
052.403  000.432  000.432: require('alpha.fortune')
052.507  006.502  006.036: require('user.dashboard')
056.595  000.471  000.471: require('plenary.bit')
056.652  000.034  000.034: require('ffi')
056.704  001.725  001.220: require('plenary.path')
056.736  002.104  000.379: require('plenary.strings')
056.943  000.203  000.203: require('telescope.deprecated')
058.930  001.054  001.054: require('plenary.log')
059.102  001.412  000.357: require('telescope.log')
060.307  000.179  000.179: require('telescope.state')
060.334  001.227  001.047: require('telescope.utils')
060.353  003.406  000.768: require('telescope.sorters')
062.764  008.737  003.022: require('telescope.config')
063.566  000.338  000.338: require('plenary.window.border')
063.679  000.110  000.110: require('plenary.window')
063.793  000.112  000.112: require('plenary.popup.utils')
063.798  001.028  000.468: require('plenary.popup')
063.998  000.198  000.198: require('telescope.pickers.scroller')
064.139  000.140  000.140: require('telescope.actions.state')
064.335  000.194  000.194: require('telescope.actions.utils')
064.864  000.258  000.258: require('telescope.actions.mt')
064.882  000.545  000.286: require('telescope.actions.set')
065.343  000.251  000.251: require('telescope.config.resolve')
065.346  000.463  000.212: require('telescope.pickers.entry_display')
065.494  000.146  000.146: require('telescope.from_entry')
065.803  013.262  001.811: require('telescope.actions')
066.083  000.095  000.095: require('telescope.previewers.previewer')
066.327  000.242  000.242: require('telescope.previewers.term_previewer')
067.226  000.126  000.126: require('plenary.context_manager')
068.402  000.253  000.253: require('nvim-treesitter.utils')
071.443  000.187  000.187: require('vim.treesitter.language')
071.454  000.698  000.511: require('vim.treesitter.query')
071.654  000.198  000.198: require('vim.treesitter._range')
071.663  001.565  000.670: require('vim.treesitter.languagetree')
071.672  002.054  000.489: require('vim.treesitter')
072.250  003.845  001.791: require('nvim-treesitter.parsers')
073.259  000.080  000.080: require('nvim-treesitter.compat')
073.736  000.315  000.315: require('nvim-treesitter.ts_utils')
073.740  000.479  000.164: require('nvim-treesitter.tsrange')
073.834  000.093  000.093: require('nvim-treesitter.caching')
073.849  000.969  000.317: require('nvim-treesitter.query')
073.863  001.395  000.426: require('nvim-treesitter.configs')
073.865  001.613  000.219: require('nvim-treesitter.info')
074.129  000.262  000.262: require('nvim-treesitter.shell_command_selectors')
074.158  006.797  000.824: require('nvim-treesitter.install')
074.253  000.093  000.093: require('nvim-treesitter.statusline')
074.445  000.191  000.191: require('nvim-treesitter.query_predicates')
074.447  007.217  000.136: require('nvim-treesitter')
074.453  007.518  000.175: require('telescope.previewers.utils')
075.604  001.150  001.150: require('plenary.filetype')
076.905  001.298  001.298: require('plenary.scandir')
076.951  010.623  000.657: require('telescope.previewers.buffer_previewer')
076.956  011.142  000.183: require('telescope.previewers')
077.105  000.113  000.113: require('lvim.keymappings')
077.562  000.421  000.421: require('lvim.plugins')
077.690  000.108  000.108: require('lazy')
077.795  000.033  000.033: require('vim.loader')
078.050  000.023  000.023: require('vim.fs')
078.270  000.462  000.439: require('lazy.stats')
078.394  000.109  000.109: require('lazy.core.util')
078.502  000.106  000.106: require('lazy.core.config')
078.733  000.089  000.089: require('lazy.core.handler')
078.856  000.114  000.114: require('lazy.core.plugin')
078.868  000.365  000.162: require('lazy.core.loader')
079.766  000.086  000.086: require('lazy.core.handler.keys')
079.915  000.144  000.144: require('lazy.core.handler.event')
079.977  000.060  000.060: require('lazy.core.handler.ft')
080.061  000.081  000.081: require('lazy.core.handler.cmd')
082.086  000.229  000.229: sourcing /usr/share/nvim/runtime/filetype.lua
082.514  000.036  000.036: require('tokyonight.util')
082.730  000.039  000.039: require('tokyonight.colors')
082.744  000.228  000.189: require('tokyonight.theme')
082.780  000.035  000.035: require('tokyonight.config')
082.782  000.506  000.207: require('tokyonight')
083.266  000.235  000.235: sourcing /home/z0/.local/share/lunarvim/site/pack/lazy/opt/nvim-treesitter/plugin/nvim-treesitter.lua
083.828  000.075  000.075: sourcing /home/z0/.local/share/lunarvim/site/pack/lazy/opt/nvim-ts-context-commentstring/plugin/ts_context_commentstring.lua
083.860  000.513  000.438: require('ts_context_commentstring')
084.049  000.153  000.153: require('ts_context_commentstring.config')
084.659  000.048  000.048: require('nvim-treesitter.indent')
084.775  000.051  000.051: require('nvim-treesitter.highlight')
084.939  000.038  000.038: sourcing /home/z0/.local/share/lunarvim/site/pack/lazy/opt/nvim-web-devicons/plugin/nvim-web-devicons.vim
085.002  000.025  000.025: sourcing /home/z0/.local/share/lunarvim/site/pack/lazy/opt/lspsaga.nvim/plugin/lspsaga.lua
085.069  000.059  000.059: require('lspsaga')
085.172  000.029  000.029: require('lspsaga.lspkind')
085.173  000.095  000.066: require('lspsaga.highlight')
085.667  000.061  000.061: require('vim.lsp.log')
085.905  000.236  000.236: require('vim.lsp.protocol')
086.065  000.048  000.048: require('vim.lsp._snippet')
086.087  000.021  000.021: require('vim.highlight')
086.097  000.191  000.122: require('vim.lsp.util')
086.104  000.541  000.053: require('vim.lsp.handlers')
086.159  000.054  000.054: require('vim.lsp.rpc')
086.192  000.032  000.032: require('vim.lsp.sync')
086.256  000.063  000.063: require('vim.lsp.semantic_tokens')
086.333  000.077  000.077: require('vim.lsp.buf')
086.380  000.046  000.046: require('vim.lsp.diagnostic')
086.421  000.039  000.039: require('vim.lsp.codelens')
086.470  001.048  000.197: require('vim.lsp')
086.510  000.038  000.038: require('vim.version')
087.413  002.056  000.970: require('lspsaga.codeaction.lightbulb')
088.921  000.562  000.562: require('lspsaga.symbol')
089.156  000.031  000.031: sourcing /usr/share/nvim/runtime/plugin/editorconfig.lua
089.264  000.095  000.095: sourcing /usr/share/nvim/runtime/plugin/gzip.vim
089.282  000.005  000.005: sourcing /usr/share/nvim/runtime/plugin/health.vim
089.324  000.033  000.033: sourcing /usr/share/nvim/runtime/plugin/man.lua
089.529  000.097  000.097: sourcing /usr/share/nvim/runtime/pack/dist/opt/matchit/plugin/matchit.vim
089.556  000.222  000.125: sourcing /usr/share/nvim/runtime/plugin/matchit.vim
089.652  000.082  000.082: sourcing /usr/share/nvim/runtime/plugin/matchparen.vim
089.845  000.175  000.175: sourcing /usr/share/nvim/runtime/plugin/netrwPlugin.vim
089.885  000.028  000.028: sourcing /usr/share/nvim/runtime/plugin/nvim.lua
090.014  000.116  000.116: sourcing /usr/share/nvim/runtime/plugin/rplugin.vim
090.062  000.033  000.033: sourcing /usr/share/nvim/runtime/plugin/shada.vim
090.085  000.011  000.011: sourcing /usr/share/nvim/runtime/plugin/spellfile.vim
090.151  000.055  000.055: sourcing /usr/share/nvim/runtime/plugin/tarPlugin.vim
090.206  000.044  000.044: sourcing /usr/share/nvim/runtime/plugin/tohtml.vim
090.226  000.007  000.007: sourcing /usr/share/nvim/runtime/plugin/tutor.vim
090.307  000.071  000.071: sourcing /usr/share/nvim/runtime/plugin/zipPlugin.vim
090.621  000.028  000.028: require('lunar.palette')
090.623  000.187  000.159: require('lunar.theme')
090.624  000.225  000.038: require('lunar')
092.167  000.555  000.555: sourcing /home/z0/.local/share/lunarvim/site/pack/lazy/opt/lunar.nvim/colors/lunar.vim
092.355  000.065  000.065: require('lvim.core.commands')
092.427  087.346  033.949: sourcing /home/z0/.local/share/lunarvim/lvim/init.lua
092.431  000.631: sourcing vimrc file(s)
092.511  000.028  000.028: sourcing /usr/share/nvim/runtime/filetype.lua
092.632  000.049  000.049: sourcing /usr/share/nvim/runtime/syntax/synload.vim
092.711  000.170  000.121: sourcing /usr/share/nvim/runtime/syntax/syntax.vim
092.719  000.091: inits 3
093.979  001.259: reading ShaDa
094.070  000.092: opening buffers
094.086  000.016: BufEnter autocommands
094.100  000.014: editing files in windows
094.522  000.361  000.361: require('alpha')
094.953  000.047  000.047: require('project_nvim.config')
095.042  000.043  000.043: require('project_nvim.utils.path')
095.050  000.095  000.051: require('project_nvim.utils.history')
095.051  000.443  000.301: require('project_nvim')
095.137  000.044  000.044: require('project_nvim.utils.globtopattern')
095.236  000.080  000.080: require('project_nvim.project')
095.788  000.101  000.101: require('lualine_require')
096.035  000.676  000.575: require('lualine')
096.200  000.036  000.036: require('lvim.core.lualine.conditions')
096.231  000.029  000.029: require('lvim.core.lualine.colors')
096.241  000.145  000.080: require('lvim.core.lualine.components')
096.254  000.218  000.073: require('lvim.core.lualine.styles')
096.544  000.068  000.068: require('lualine.utils.loader')
102.316  000.143  000.143: require('ts_context_commentstring.utils')
102.327  000.369  000.227: require('ts_context_commentstring.internal')
105.056  008.698: VimEnter autocommands
105.077  000.021: UIEnter autocommands
105.306  000.178  000.178: sourcing /usr/share/nvim/runtime/autoload/provider/clipboard.vim
105.310  000.055: before starting main loop
106.423  001.113: first screen update
106.425  000.002: --- NVIM STARTED ---


times in msec
 clock   self+sourced   self:  sourced script
 clock   elapsed:              other lines

000.024  000.024: --- NVIM STARTING ---
000.322  000.298: event init
000.566  000.243: early init
000.740  000.174: locale set
000.845  000.105: init first window
001.479  000.634: inits 1
001.495  000.016: window checked
001.501  000.006: parsing arguments
002.476  000.058  000.058: require('vim.shared')
002.654  000.072  000.072: require('vim._options')
002.657  000.176  000.104: require('vim._editor')
002.660  000.371  000.136: require('vim._init_packages')
002.666  000.794: init lua interpreter
004.118  001.453: expanding arguments
004.265  000.147: inits 2
004.761  000.497: init highlight
